Arguments: 
  /home/jonybang/.nvm/versions/node/v14.18.2/bin/node /home/jonybang/.nvm/versions/node/v14.18.2/bin/yarn add parcel@2.0.0-rc.0

PATH: 
  /home/jonybang/.nvm/versions/node/v14.18.2/bin:/home/jonybang/.local/bin:/usr/local/sbin:/usr/local/bin:/usr/sbin:/usr/bin:/sbin:/bin:/usr/games:/usr/local/games:/snap/bin:/usr/lib/jvm/java-15-oracle/bin:/usr/lib/jvm/java-15-oracle/db/bin:/home/jonybang/.local/bin

Yarn version: 
  1.22.17

Node version: 
  14.18.2

Platform: 
  linux x64

Trace: 
  SyntaxError: /home/jonybang/workspace/fluence-test/package.json: Unexpected string in JSON at position 251
      at JSON.parse (<anonymous>)
      at /home/jonybang/.nvm/versions/node/v14.18.2/lib/node_modules/yarn/lib/cli.js:1625:59
      at Generator.next (<anonymous>)
      at step (/home/jonybang/.nvm/versions/node/v14.18.2/lib/node_modules/yarn/lib/cli.js:310:30)
      at /home/jonybang/.nvm/versions/node/v14.18.2/lib/node_modules/yarn/lib/cli.js:321:13

npm manifest: 
  {
    "name": "fluence-test",
    "version": "1.0.0",
    "description": "",
    "main": "index.js",
    "scripts": {
      "test": "echo \"Error: no test specified\" && exit 1"
    },
    "author": "",
    "license": "ISC",
    "dependencies": {
      "vue": "2.6.11"
      "@fluencelabs/aqua": "0.6.0-272",
      "@fluencelabs/aqua-dht": "0.2.5",
      "@fluencelabs/aqua-lib": "0.3.4",
      "@fluencelabs/fluence": "0.19.1",
      "@fluencelabs/fluence-network-environment": "1.0.13"
    }
  }

yarn manifest: 
  No manifest

Lockfile: 
  # THIS IS AN AUTOGENERATED FILE. DO NOT EDIT THIS FILE DIRECTLY.
  # yarn lockfile v1
  
  
  vue@2.6.11:
    version "2.6.11"
    resolved "https://registry.yarnpkg.com/vue/-/vue-2.6.11.tgz#76594d877d4b12234406e84e35275c6d514125c5"
    integrity sha512-VfPwgcGABbGAue9+sfrD4PuwFar7gPb1yl1UK1MwXoQPAw0BKSqWfoYCT/ThFrdEVWoI51dBuyCoiNU9bZDZxQ==
